<?xml version="1.0" encoding="UTF-8"?>
<testsuite name="com.nfcemu.ndefengine.CapabilityContainerTest" tests="5" skipped="0" failures="0" errors="0" timestamp="2026-07-21T20:01:12" hostname="archie" time="0.009">
  <properties/>
  <testcase name="max ndef file size field equals message length plus 2()" classname="com.nfcemu.ndefengine.CapabilityContainerTest" time="0.0"/>
  <testcase name="zero length message is accepted()" classname="com.nfcemu.ndefengine.CapabilityContainerTest" time="0.0"/>
  <testcase name="message length exceeding type 4 tag limits is rejected()" classname="com.nfcemu.ndefengine.CapabilityContainerTest" time="0.006"/>
  <testcase name="negative message length is rejected()" classname="com.nfcemu.ndefengine.CapabilityContainerTest" time="0.0"/>
  <testcase name="cc file is always 15 bytes with fixed header fields()" classname="com.nfcemu.ndefengine.CapabilityContainerTest" time="0.0"/>
  <system-out><![CDATA[]]></system-out>
  <system-err><![CDATA[]]></system-err>
</testsuite>
