<?xml version="1.0" encoding="UTF-8"?>
<testsuite name="com.nfcemu.ndefengine.AarRecordEncoderTest" tests="2" skipped="0" failures="0" errors="0" timestamp="2026-07-21T20:01:12" hostname="archie" time="0.027">
  <properties/>
  <testcase name="encodes external type record with android_com colon pkg type()" classname="com.nfcemu.ndefengine.AarRecordEncoderTest" time="0.016"/>
  <testcase name="round-trips through NdefParser as second record after a primary payload()" classname="com.nfcemu.ndefengine.AarRecordEncoderTest" time="0.011"/>
  <system-out><![CDATA[]]></system-out>
  <system-err><![CDATA[]]></system-err>
</testsuite>
