<?xml version="1.0" encoding="UTF-8"?>
<testsuite name="com.nfcemu.ndefengine.UriRecordEncoderTest" tests="9" skipped="0" failures="0" errors="0" timestamp="2026-07-21T20:01:12" hostname="archie" time="0.004">
  <properties/>
  <testcase name="utf-8 characters in path round-trip()" classname="com.nfcemu.ndefengine.UriRecordEncoderTest" time="0.001"/>
  <testcase name="mailto uri uses code 0x06 and keeps query string for subject and body()" classname="com.nfcemu.ndefengine.UriRecordEncoderTest" time="0.0"/>
  <testcase name="https without www uses code 0x04, not the shorter http match()" classname="com.nfcemu.ndefengine.UriRecordEncoderTest" time="0.0"/>
  <testcase name="geo uri falls back to code 0x00 since geo has no dedicated prefix code()" classname="com.nfcemu.ndefengine.UriRecordEncoderTest" time="0.0"/>
  <testcase name="record type is well-known U()" classname="com.nfcemu.ndefengine.UriRecordEncoderTest" time="0.0"/>
  <testcase name="https with www uses code 0x02()" classname="com.nfcemu.ndefengine.UriRecordEncoderTest" time="0.001"/>
  <testcase name="unmatched custom scheme falls back to code 0x00 with full uri preserved()" classname="com.nfcemu.ndefengine.UriRecordEncoderTest" time="0.0"/>
  <testcase name="custom deep link scheme falls back to code 0x00()" classname="com.nfcemu.ndefengine.UriRecordEncoderTest" time="0.0"/>
  <testcase name="tel uri uses code 0x05()" classname="com.nfcemu.ndefengine.UriRecordEncoderTest" time="0.0"/>
  <system-out><![CDATA[]]></system-out>
  <system-err><![CDATA[]]></system-err>
</testsuite>
