<?xml version="1.0" encoding="UTF-8"?>
<testsuite name="com.nfcemu.ndefengine.TextRecordEncoderTest" tests="5" skipped="0" failures="0" errors="0" timestamp="2026-07-21T20:01:12" hostname="archie" time="0.003">
  <properties/>
  <testcase name="custom language code is respected()" classname="com.nfcemu.ndefengine.TextRecordEncoderTest" time="0.0"/>
  <testcase name="utf-8 special characters and empty text round-trip via NdefParser()" classname="com.nfcemu.ndefengine.TextRecordEncoderTest" time="0.001"/>
  <testcase name="default language code is de()" classname="com.nfcemu.ndefengine.TextRecordEncoderTest" time="0.001"/>
  <testcase name="empty text is encoded without crashing()" classname="com.nfcemu.ndefengine.TextRecordEncoderTest" time="0.0"/>
  <testcase name="record type is well-known T()" classname="com.nfcemu.ndefengine.TextRecordEncoderTest" time="0.001"/>
  <system-out><![CDATA[]]></system-out>
  <system-err><![CDATA[]]></system-err>
</testsuite>
