<?xml version="1.0" encoding="UTF-8"?>
<testsuite name="com.nfcemu.ndefengine.hce.Type4TagApduProcessorTest" tests="18" skipped="0" failures="0" errors="0" timestamp="2026-07-21T20:01:12" hostname="archie" time="0.009">
  <properties/>
  <testcase name="select correct aid returns 9000()" classname="com.nfcemu.ndefengine.hce.Type4TagApduProcessorTest" time="0.001"/>
  <testcase name="select cc file then read binary returns capability container plus 9000()" classname="com.nfcemu.ndefengine.hce.Type4TagApduProcessorTest" time="0.0"/>
  <testcase name="unknown instruction returns fallback status word without crashing()" classname="com.nfcemu.ndefengine.hce.Type4TagApduProcessorTest" time="0.0"/>
  <testcase name="read binary without prior select returns file-not-found()" classname="com.nfcemu.ndefengine.hce.Type4TagApduProcessorTest" time="0.0"/>
  <testcase name="select unknown file id returns file-not-found()" classname="com.nfcemu.ndefengine.hce.Type4TagApduProcessorTest" time="0.001"/>
  <testcase name="read binary exactly at end of file returns empty data with success()" classname="com.nfcemu.ndefengine.hce.Type4TagApduProcessorTest" time="0.0"/>
  <testcase name="select with unsupported p1 p2 returns wrong-parameters()" classname="com.nfcemu.ndefengine.hce.Type4TagApduProcessorTest" time="0.0"/>
  <testcase name="select unknown aid returns file-not-found()" classname="com.nfcemu.ndefengine.hce.Type4TagApduProcessorTest" time="0.001"/>
  <testcase name="null apdu is rejected with wrong-length rather than crashing()" classname="com.nfcemu.ndefengine.hce.Type4TagApduProcessorTest" time="0.0"/>
  <testcase name="read binary offset beyond file length returns wrong-parameters()" classname="com.nfcemu.ndefengine.hce.Type4TagApduProcessorTest" time="0.0"/>
  <testcase name="read binary chunking across multiple calls with small le reconstructs the full ndef file()" classname="com.nfcemu.ndefengine.hce.Type4TagApduProcessorTest" time="0.0"/>
  <testcase name="read binary with short-ef-identifier bit set is rejected()" classname="com.nfcemu.ndefengine.hce.Type4TagApduProcessorTest" time="0.0"/>
  <testcase name="updating the ndef message resets file selection so a fresh select is required()" classname="com.nfcemu.ndefengine.hce.Type4TagApduProcessorTest" time="0.0"/>
  <testcase name="updated ndef message is reflected in subsequent reads()" classname="com.nfcemu.ndefengine.hce.Type4TagApduProcessorTest" time="0.0"/>
  <testcase name="le of zero is treated as 256 per iso7816-4 and does not crash()" classname="com.nfcemu.ndefengine.hce.Type4TagApduProcessorTest" time="0.0"/>
  <testcase name="unsupported class byte returns fallback status word()" classname="com.nfcemu.ndefengine.hce.Type4TagApduProcessorTest" time="0.0"/>
  <testcase name="select apdu whose declared lc exceeds actual remaining bytes is rejected()" classname="com.nfcemu.ndefengine.hce.Type4TagApduProcessorTest" time="0.0"/>
  <testcase name="truncated apdu shorter than 4 bytes is rejected with wrong-length()" classname="com.nfcemu.ndefengine.hce.Type4TagApduProcessorTest" time="0.0"/>
  <system-out><![CDATA[]]></system-out>
  <system-err><![CDATA[]]></system-err>
</testsuite>
