<?xml version="1.0" encoding="UTF-8"?>
<testsuite name="com.nfcemu.data.ProfileRepositoryTest" tests="8" skipped="0" failures="0" errors="0" timestamp="2026-07-21T21:03:22" hostname="archie" time="0.287">
  <properties/>
  <testcase name="deleting the active profile clears active id and current bytes()" classname="com.nfcemu.data.ProfileRepositoryTest" time="0.214"/>
  <testcase name="creating a profile adds it to the list()" classname="com.nfcemu.data.ProfileRepositoryTest" time="0.007"/>
  <testcase name="importing a profile assigns a fresh id and never sets it active()" classname="com.nfcemu.data.ProfileRepositoryTest" time="0.011"/>
  <testcase name="editing the active profile re-encodes currentNdefBytes()" classname="com.nfcemu.data.ProfileRepositoryTest" time="0.01"/>
  <testcase name="toggling pinned flips the flag without affecting other profiles()" classname="com.nfcemu.data.ProfileRepositoryTest" time="0.012"/>
  <testcase name="duplicating a profile creates an unpinned copy with a new id and a suffixed name()" classname="com.nfcemu.data.ProfileRepositoryTest" time="0.008"/>
  <testcase name="setting a profile active updates currentNdefBytes with its encoded content()" classname="com.nfcemu.data.ProfileRepositoryTest" time="0.006"/>
  <testcase name="editing an inactive profile does not touch currentNdefBytes()" classname="com.nfcemu.data.ProfileRepositoryTest" time="0.012"/>
  <system-out><![CDATA[]]></system-out>
  <system-err><![CDATA[]]></system-err>
</testsuite>
